{"/Users/envision/Desktop/projects/ttlock/ttlock-api/src/client.ts": {"path":"/Users/envision/Desktop/projects/ttlock/ttlock-api/src/client.ts","all":false,"statementMap":{"0":{"start":{"line":1,"column":0},"end":{"line":1,"column":30}},"1":{"start":{"line":2,"column":0},"end":{"line":2,"column":0}},"2":{"start":{"line":3,"column":0},"end":{"line":3,"column":41}},"3":{"start":{"line":4,"column":0},"end":{"line":4,"column":0}},"4":{"start":{"line":5,"column":0},"end":{"line":5,"column":29}},"5":{"start":{"line":6,"column":0},"end":{"line":6,"column":21}},"6":{"start":{"line":7,"column":0},"end":{"line":7,"column":0}},"7":{"start":{"line":8,"column":0},"end":{"line":8,"column":35}},"8":{"start":{"line":9,"column":0},"end":{"line":9,"column":24}},"9":{"start":{"line":10,"column":0},"end":{"line":10,"column":5}},"10":{"start":{"line":11,"column":0},"end":{"line":11,"column":0}},"11":{"start":{"line":12,"column":0},"end":{"line":12,"column":96}},"12":{"start":{"line":13,"column":0},"end":{"line":13,"column":39}},"13":{"start":{"line":14,"column":0},"end":{"line":14,"column":0}},"14":{"start":{"line":15,"column":0},"end":{"line":15,"column":31}},"15":{"start":{"line":16,"column":0},"end":{"line":16,"column":0}},"16":{"start":{"line":17,"column":0},"end":{"line":17,"column":22}},"17":{"start":{"line":18,"column":0},"end":{"line":18,"column":40}},"18":{"start":{"line":19,"column":0},"end":{"line":19,"column":16}},"19":{"start":{"line":20,"column":0},"end":{"line":20,"column":39}},"20":{"start":{"line":21,"column":0},"end":{"line":21,"column":9}},"21":{"start":{"line":22,"column":0},"end":{"line":22,"column":0}},"22":{"start":{"line":23,"column":0},"end":{"line":23,"column":74}},"23":{"start":{"line":24,"column":0},"end":{"line":24,"column":25}},"24":{"start":{"line":25,"column":0},"end":{"line":25,"column":41}},"25":{"start":{"line":26,"column":0},"end":{"line":26,"column":10}},"26":{"start":{"line":27,"column":0},"end":{"line":27,"column":6}},"27":{"start":{"line":28,"column":0},"end":{"line":28,"column":50}},"28":{"start":{"line":29,"column":0},"end":{"line":29,"column":6}},"29":{"start":{"line":30,"column":0},"end":{"line":30,"column":27}},"30":{"start":{"line":31,"column":0},"end":{"line":31,"column":5}},"31":{"start":{"line":32,"column":0},"end":{"line":32,"column":1}}},"s":{"0":1,"1":1,"2":1,"3":1,"4":1,"5":1,"6":1,"7":1,"8":1,"9":1,"10":1,"11":1,"12":0,"13":0,"14":0,"15":0,"16":0,"17":0,"18":0,"19":0,"20":0,"21":0,"22":0,"23":0,"24":0,"25":0,"26":0,"27":0,"28":0,"29":0,"30":0,"31":1},"branchMap":{"0":{"type":"branch","line":8,"loc":{"start":{"line":8,"column":4},"end":{"line":10,"column":5}},"locations":[{"start":{"line":8,"column":4},"end":{"line":10,"column":5}}]}},"b":{"0":[1]},"fnMap":{"0":{"name":"Client","decl":{"start":{"line":8,"column":4},"end":{"line":10,"column":5}},"loc":{"start":{"line":8,"column":4},"end":{"line":10,"column":5}},"line":8},"1":{"name":"request","decl":{"start":{"line":12,"column":10},"end":{"line":31,"column":5}},"loc":{"start":{"line":12,"column":10},"end":{"line":31,"column":5}},"line":12}},"f":{"0":1,"1":0}}
,"/Users/envision/Desktop/projects/ttlock/ttlock-api/src/index.ts": {"path":"/Users/envision/Desktop/projects/ttlock/ttlock-api/src/index.ts","all":false,"statementMap":{"0":{"start":{"line":1,"column":0},"end":{"line":1,"column":29}},"1":{"start":{"line":2,"column":0},"end":{"line":2,"column":0}},"2":{"start":{"line":3,"column":0},"end":{"line":3,"column":35}},"3":{"start":{"line":4,"column":0},"end":{"line":4,"column":35}},"4":{"start":{"line":5,"column":0},"end":{"line":5,"column":35}},"5":{"start":{"line":6,"column":0},"end":{"line":6,"column":43}},"6":{"start":{"line":7,"column":0},"end":{"line":7,"column":41}},"7":{"start":{"line":8,"column":0},"end":{"line":8,"column":54}},"8":{"start":{"line":9,"column":0},"end":{"line":9,"column":41}},"9":{"start":{"line":10,"column":0},"end":{"line":10,"column":0}},"10":{"start":{"line":11,"column":0},"end":{"line":11,"column":54}},"11":{"start":{"line":12,"column":0},"end":{"line":12,"column":39}},"12":{"start":{"line":13,"column":0},"end":{"line":13,"column":0}},"13":{"start":{"line":14,"column":0},"end":{"line":14,"column":25}},"14":{"start":{"line":15,"column":0},"end":{"line":15,"column":0}},"15":{"start":{"line":16,"column":0},"end":{"line":16,"column":15}},"16":{"start":{"line":17,"column":0},"end":{"line":17,"column":9}},"17":{"start":{"line":18,"column":0},"end":{"line":18,"column":23}},"18":{"start":{"line":19,"column":0},"end":{"line":19,"column":23}},"19":{"start":{"line":20,"column":0},"end":{"line":20,"column":23}},"20":{"start":{"line":21,"column":0},"end":{"line":21,"column":31}},"21":{"start":{"line":22,"column":0},"end":{"line":22,"column":29}},"22":{"start":{"line":23,"column":0},"end":{"line":23,"column":40}},"23":{"start":{"line":24,"column":0},"end":{"line":24,"column":3}},"24":{"start":{"line":25,"column":0},"end":{"line":25,"column":0}},"25":{"start":{"line":26,"column":0},"end":{"line":26,"column":12}},"26":{"start":{"line":27,"column":0},"end":{"line":27,"column":1}}},"s":{"0":1,"1":1,"2":1,"3":1,"4":1,"5":1,"6":1,"7":1,"8":1,"9":1,"10":1,"11":1,"12":1,"13":1,"14":1,"15":1,"16":1,"17":1,"18":1,"19":1,"20":1,"21":1,"22":1,"23":1,"24":1,"25":1,"26":1},"branchMap":{"0":{"type":"branch","line":11,"loc":{"start":{"line":11,"column":0},"end":{"line":27,"column":1}},"locations":[{"start":{"line":11,"column":0},"end":{"line":27,"column":1}}]}},"b":{"0":[1]},"fnMap":{"0":{"name":"createClient","decl":{"start":{"line":11,"column":0},"end":{"line":27,"column":1}},"loc":{"start":{"line":11,"column":0},"end":{"line":27,"column":1}},"line":11}},"f":{"0":1}}
,"/Users/envision/Desktop/projects/ttlock/ttlock-api/src/resources/ekey.ts": {"path":"/Users/envision/Desktop/projects/ttlock/ttlock-api/src/resources/ekey.ts","all":false,"statementMap":{"0":{"start":{"line":1,"column":0},"end":{"line":1,"column":30}},"1":{"start":{"line":2,"column":0},"end":{"line":2,"column":40}},"2":{"start":{"line":3,"column":0},"end":{"line":3,"column":0}},"3":{"start":{"line":4,"column":0},"end":{"line":4,"column":32}},"4":{"start":{"line":5,"column":0},"end":{"line":5,"column":32}},"5":{"start":{"line":6,"column":0},"end":{"line":6,"column":44}},"6":{"start":{"line":7,"column":0},"end":{"line":7,"column":36}},"7":{"start":{"line":8,"column":0},"end":{"line":8,"column":36}},"8":{"start":{"line":9,"column":0},"end":{"line":9,"column":40}},"9":{"start":{"line":10,"column":0},"end":{"line":10,"column":54}},"10":{"start":{"line":11,"column":0},"end":{"line":11,"column":42}},"11":{"start":{"line":12,"column":0},"end":{"line":12,"column":46}},"12":{"start":{"line":13,"column":0},"end":{"line":13,"column":0}},"13":{"start":{"line":14,"column":0},"end":{"line":14,"column":42}},"14":{"start":{"line":15,"column":0},"end":{"line":15,"column":82}},"15":{"start":{"line":16,"column":0},"end":{"line":16,"column":39}},"16":{"start":{"line":17,"column":0},"end":{"line":17,"column":4}},"17":{"start":{"line":18,"column":0},"end":{"line":18,"column":66}},"18":{"start":{"line":19,"column":0},"end":{"line":19,"column":6}},"19":{"start":{"line":20,"column":0},"end":{"line":20,"column":82}},"20":{"start":{"line":21,"column":0},"end":{"line":21,"column":39}},"21":{"start":{"line":22,"column":0},"end":{"line":22,"column":4}},"22":{"start":{"line":23,"column":0},"end":{"line":23,"column":66}},"23":{"start":{"line":24,"column":0},"end":{"line":24,"column":6}},"24":{"start":{"line":25,"column":0},"end":{"line":25,"column":103}},"25":{"start":{"line":26,"column":0},"end":{"line":26,"column":38}},"26":{"start":{"line":27,"column":0},"end":{"line":27,"column":4}},"27":{"start":{"line":28,"column":0},"end":{"line":28,"column":72}},"28":{"start":{"line":29,"column":0},"end":{"line":29,"column":6}},"29":{"start":{"line":30,"column":0},"end":{"line":30,"column":88}},"30":{"start":{"line":31,"column":0},"end":{"line":31,"column":41}},"31":{"start":{"line":32,"column":0},"end":{"line":32,"column":4}},"32":{"start":{"line":33,"column":0},"end":{"line":33,"column":68}},"33":{"start":{"line":34,"column":0},"end":{"line":34,"column":6}},"34":{"start":{"line":35,"column":0},"end":{"line":35,"column":88}},"35":{"start":{"line":36,"column":0},"end":{"line":36,"column":41}},"36":{"start":{"line":37,"column":0},"end":{"line":37,"column":4}},"37":{"start":{"line":38,"column":0},"end":{"line":38,"column":68}},"38":{"start":{"line":39,"column":0},"end":{"line":39,"column":6}},"39":{"start":{"line":40,"column":0},"end":{"line":40,"column":94}},"40":{"start":{"line":41,"column":0},"end":{"line":41,"column":43}},"41":{"start":{"line":42,"column":0},"end":{"line":42,"column":4}},"42":{"start":{"line":43,"column":0},"end":{"line":43,"column":70}},"43":{"start":{"line":44,"column":0},"end":{"line":44,"column":6}},"44":{"start":{"line":45,"column":0},"end":{"line":45,"column":115}},"45":{"start":{"line":46,"column":0},"end":{"line":46,"column":47}},"46":{"start":{"line":47,"column":0},"end":{"line":47,"column":4}},"47":{"start":{"line":48,"column":0},"end":{"line":48,"column":77}},"48":{"start":{"line":49,"column":0},"end":{"line":49,"column":6}},"49":{"start":{"line":50,"column":0},"end":{"line":50,"column":97}},"50":{"start":{"line":51,"column":0},"end":{"line":51,"column":44}},"51":{"start":{"line":52,"column":0},"end":{"line":52,"column":4}},"52":{"start":{"line":53,"column":0},"end":{"line":53,"column":71}},"53":{"start":{"line":54,"column":0},"end":{"line":54,"column":6}},"54":{"start":{"line":55,"column":0},"end":{"line":55,"column":103}},"55":{"start":{"line":56,"column":0},"end":{"line":56,"column":46}},"56":{"start":{"line":57,"column":0},"end":{"line":57,"column":4}},"57":{"start":{"line":58,"column":0},"end":{"line":58,"column":73}},"58":{"start":{"line":59,"column":0},"end":{"line":59,"column":6}},"59":{"start":{"line":60,"column":0},"end":{"line":60,"column":2}}},"s":{"0":1,"1":1,"2":1,"3":1,"4":1,"5":1,"6":1,"7":1,"8":1,"9":1,"10":1,"11":1,"12":1,"13":1,"14":1,"15":0,"16":0,"17":0,"18":1,"19":1,"20":0,"21":0,"22":0,"23":1,"24":1,"25":0,"26":0,"27":0,"28":1,"29":1,"30":0,"31":0,"32":0,"33":1,"34":1,"35":0,"36":0,"37":0,"38":1,"39":1,"40":0,"41":0,"42":0,"43":1,"44":1,"45":0,"46":0,"47":0,"48":1,"49":1,"50":0,"51":0,"52":0,"53":1,"54":1,"55":0,"56":0,"57":0,"58":1,"59":1},"branchMap":{"0":{"type":"branch","line":14,"loc":{"start":{"line":14,"column":15},"end":{"line":60,"column":2}},"locations":[{"start":{"line":14,"column":15},"end":{"line":60,"column":2}}]}},"b":{"0":[1]},"fnMap":{"0":{"name":"Object.<anonymous>.exports.default","decl":{"start":{"line":14,"column":15},"end":{"line":60,"column":2}},"loc":{"start":{"line":14,"column":15},"end":{"line":60,"column":2}},"line":14},"1":{"name":"send","decl":{"start":{"line":15,"column":10},"end":{"line":19,"column":5}},"loc":{"start":{"line":15,"column":10},"end":{"line":19,"column":5}},"line":15},"2":{"name":"list","decl":{"start":{"line":20,"column":10},"end":{"line":24,"column":5}},"loc":{"start":{"line":20,"column":10},"end":{"line":24,"column":5}},"line":20},"3":{"name":"getKeyOneEkey","decl":{"start":{"line":25,"column":19},"end":{"line":29,"column":5}},"loc":{"start":{"line":25,"column":19},"end":{"line":29,"column":5}},"line":25},"4":{"name":"delete","decl":{"start":{"line":30,"column":12},"end":{"line":34,"column":5}},"loc":{"start":{"line":30,"column":12},"end":{"line":34,"column":5}},"line":30},"5":{"name":"freeze","decl":{"start":{"line":35,"column":12},"end":{"line":39,"column":5}},"loc":{"start":{"line":35,"column":12},"end":{"line":39,"column":5}},"line":35},"6":{"name":"unfreeze","decl":{"start":{"line":40,"column":14},"end":{"line":44,"column":5}},"loc":{"start":{"line":40,"column":14},"end":{"line":44,"column":5}},"line":40},"7":{"name":"changeValidTime","decl":{"start":{"line":45,"column":21},"end":{"line":49,"column":5}},"loc":{"start":{"line":45,"column":21},"end":{"line":49,"column":5}},"line":45},"8":{"name":"authorize","decl":{"start":{"line":50,"column":15},"end":{"line":54,"column":5}},"loc":{"start":{"line":50,"column":15},"end":{"line":54,"column":5}},"line":50},"9":{"name":"unauthorize","decl":{"start":{"line":55,"column":17},"end":{"line":59,"column":5}},"loc":{"start":{"line":55,"column":17},"end":{"line":59,"column":5}},"line":55}},"f":{"0":1,"1":0,"2":0,"3":0,"4":0,"5":0,"6":0,"7":0,"8":0,"9":0}}
,"/Users/envision/Desktop/projects/ttlock/ttlock-api/src/resources/gateway.ts": {"path":"/Users/envision/Desktop/projects/ttlock/ttlock-api/src/resources/gateway.ts","all":false,"statementMap":{"0":{"start":{"line":1,"column":0},"end":{"line":1,"column":30}},"1":{"start":{"line":2,"column":0},"end":{"line":2,"column":43}},"2":{"start":{"line":3,"column":0},"end":{"line":3,"column":0}},"3":{"start":{"line":4,"column":0},"end":{"line":4,"column":45}},"4":{"start":{"line":5,"column":0},"end":{"line":5,"column":49}},"5":{"start":{"line":6,"column":0},"end":{"line":6,"column":55}},"6":{"start":{"line":7,"column":0},"end":{"line":7,"column":39}},"7":{"start":{"line":8,"column":0},"end":{"line":8,"column":35}},"8":{"start":{"line":9,"column":0},"end":{"line":9,"column":51}},"9":{"start":{"line":10,"column":0},"end":{"line":10,"column":39}},"10":{"start":{"line":11,"column":0},"end":{"line":11,"column":43}},"11":{"start":{"line":12,"column":0},"end":{"line":12,"column":53}},"12":{"start":{"line":13,"column":0},"end":{"line":13,"column":77}},"13":{"start":{"line":14,"column":0},"end":{"line":14,"column":69}},"14":{"start":{"line":15,"column":0},"end":{"line":15,"column":67}},"15":{"start":{"line":16,"column":0},"end":{"line":16,"column":71}},"16":{"start":{"line":17,"column":0},"end":{"line":17,"column":73}},"17":{"start":{"line":18,"column":0},"end":{"line":18,"column":65}},"18":{"start":{"line":19,"column":0},"end":{"line":19,"column":77}},"19":{"start":{"line":20,"column":0},"end":{"line":20,"column":0}},"20":{"start":{"line":21,"column":0},"end":{"line":21,"column":42}},"21":{"start":{"line":22,"column":0},"end":{"line":22,"column":97}},"22":{"start":{"line":23,"column":0},"end":{"line":23,"column":42}},"23":{"start":{"line":24,"column":0},"end":{"line":24,"column":4}},"24":{"start":{"line":25,"column":0},"end":{"line":25,"column":71}},"25":{"start":{"line":26,"column":0},"end":{"line":26,"column":6}},"26":{"start":{"line":27,"column":0},"end":{"line":27,"column":103}},"27":{"start":{"line":28,"column":0},"end":{"line":28,"column":45}},"28":{"start":{"line":29,"column":0},"end":{"line":29,"column":4}},"29":{"start":{"line":30,"column":0},"end":{"line":30,"column":73}},"30":{"start":{"line":31,"column":0},"end":{"line":31,"column":6}},"31":{"start":{"line":32,"column":0},"end":{"line":32,"column":112}},"32":{"start":{"line":33,"column":0},"end":{"line":33,"column":46}},"33":{"start":{"line":34,"column":0},"end":{"line":34,"column":4}},"34":{"start":{"line":35,"column":0},"end":{"line":35,"column":76}},"35":{"start":{"line":36,"column":0},"end":{"line":36,"column":6}},"36":{"start":{"line":37,"column":0},"end":{"line":37,"column":88}},"37":{"start":{"line":38,"column":0},"end":{"line":38,"column":42}},"38":{"start":{"line":39,"column":0},"end":{"line":39,"column":4}},"39":{"start":{"line":40,"column":0},"end":{"line":40,"column":68}},"40":{"start":{"line":41,"column":0},"end":{"line":41,"column":6}},"41":{"start":{"line":42,"column":0},"end":{"line":42,"column":82}},"42":{"start":{"line":43,"column":0},"end":{"line":43,"column":40}},"43":{"start":{"line":44,"column":0},"end":{"line":44,"column":4}},"44":{"start":{"line":45,"column":0},"end":{"line":45,"column":66}},"45":{"start":{"line":46,"column":0},"end":{"line":46,"column":6}},"46":{"start":{"line":47,"column":0},"end":{"line":47,"column":106}},"47":{"start":{"line":48,"column":0},"end":{"line":48,"column":50}},"48":{"start":{"line":49,"column":0},"end":{"line":49,"column":4}},"49":{"start":{"line":50,"column":0},"end":{"line":50,"column":74}},"50":{"start":{"line":51,"column":0},"end":{"line":51,"column":6}},"51":{"start":{"line":52,"column":0},"end":{"line":52,"column":88}},"52":{"start":{"line":53,"column":0},"end":{"line":53,"column":42}},"53":{"start":{"line":54,"column":0},"end":{"line":54,"column":4}},"54":{"start":{"line":55,"column":0},"end":{"line":55,"column":68}},"55":{"start":{"line":56,"column":0},"end":{"line":56,"column":6}},"56":{"start":{"line":57,"column":0},"end":{"line":57,"column":94}},"57":{"start":{"line":58,"column":0},"end":{"line":58,"column":44}},"58":{"start":{"line":59,"column":0},"end":{"line":59,"column":4}},"59":{"start":{"line":60,"column":0},"end":{"line":60,"column":70}},"60":{"start":{"line":61,"column":0},"end":{"line":61,"column":6}},"61":{"start":{"line":62,"column":0},"end":{"line":62,"column":109}},"62":{"start":{"line":63,"column":0},"end":{"line":63,"column":47}},"63":{"start":{"line":64,"column":0},"end":{"line":64,"column":4}},"64":{"start":{"line":65,"column":0},"end":{"line":65,"column":75}},"65":{"start":{"line":66,"column":0},"end":{"line":66,"column":6}},"66":{"start":{"line":67,"column":0},"end":{"line":67,"column":145}},"67":{"start":{"line":68,"column":0},"end":{"line":68,"column":43}},"68":{"start":{"line":69,"column":0},"end":{"line":69,"column":4}},"69":{"start":{"line":70,"column":0},"end":{"line":70,"column":87}},"70":{"start":{"line":71,"column":0},"end":{"line":71,"column":6}},"71":{"start":{"line":72,"column":0},"end":{"line":72,"column":133}},"72":{"start":{"line":73,"column":0},"end":{"line":73,"column":49}},"73":{"start":{"line":74,"column":0},"end":{"line":74,"column":4}},"74":{"start":{"line":75,"column":0},"end":{"line":75,"column":83}},"75":{"start":{"line":76,"column":0},"end":{"line":76,"column":6}},"76":{"start":{"line":77,"column":0},"end":{"line":77,"column":130}},"77":{"start":{"line":78,"column":0},"end":{"line":78,"column":47}},"78":{"start":{"line":79,"column":0},"end":{"line":79,"column":4}},"79":{"start":{"line":80,"column":0},"end":{"line":80,"column":82}},"80":{"start":{"line":81,"column":0},"end":{"line":81,"column":6}},"81":{"start":{"line":82,"column":0},"end":{"line":82,"column":136}},"82":{"start":{"line":83,"column":0},"end":{"line":83,"column":52}},"83":{"start":{"line":84,"column":0},"end":{"line":84,"column":4}},"84":{"start":{"line":85,"column":0},"end":{"line":85,"column":84}},"85":{"start":{"line":86,"column":0},"end":{"line":86,"column":6}},"86":{"start":{"line":87,"column":0},"end":{"line":87,"column":139}},"87":{"start":{"line":88,"column":0},"end":{"line":88,"column":51}},"88":{"start":{"line":89,"column":0},"end":{"line":89,"column":4}},"89":{"start":{"line":90,"column":0},"end":{"line":90,"column":85}},"90":{"start":{"line":91,"column":0},"end":{"line":91,"column":6}},"91":{"start":{"line":92,"column":0},"end":{"line":92,"column":131}},"92":{"start":{"line":93,"column":0},"end":{"line":93,"column":51}},"93":{"start":{"line":94,"column":0},"end":{"line":94,"column":4}},"94":{"start":{"line":95,"column":0},"end":{"line":95,"column":81}},"95":{"start":{"line":96,"column":0},"end":{"line":96,"column":6}},"96":{"start":{"line":97,"column":0},"end":{"line":97,"column":149}},"97":{"start":{"line":98,"column":0},"end":{"line":98,"column":53}},"98":{"start":{"line":99,"column":0},"end":{"line":99,"column":4}},"99":{"start":{"line":100,"column":0},"end":{"line":100,"column":87}},"100":{"start":{"line":101,"column":0},"end":{"line":101,"column":6}},"101":{"start":{"line":102,"column":0},"end":{"line":102,"column":2}}},"s":{"0":1,"1":1,"2":1,"3":1,"4":1,"5":1,"6":1,"7":1,"8":1,"9":1,"10":1,"11":1,"12":1,"13":1,"14":1,"15":1,"16":1,"17":1,"18":1,"19":1,"20":1,"21":1,"22":0,"23":0,"24":0,"25":1,"26":1,"27":0,"28":0,"29":0,"30":1,"31":1,"32":0,"33":0,"34":0,"35":1,"36":1,"37":0,"38":0,"39":0,"40":1,"41":1,"42":0,"43":0,"44":0,"45":1,"46":1,"47":0,"48":0,"49":0,"50":1,"51":1,"52":0,"53":0,"54":0,"55":1,"56":1,"57":0,"58":0,"59":0,"60":1,"61":1,"62":0,"63":0,"64":0,"65":1,"66":1,"67":0,"68":0,"69":0,"70":1,"71":1,"72":0,"73":0,"74":0,"75":1,"76":1,"77":0,"78":0,"79":0,"80":1,"81":1,"82":0,"83":0,"84":0,"85":1,"86":1,"87":0,"88":0,"89":0,"90":1,"91":1,"92":0,"93":0,"94":0,"95":1,"96":1,"97":0,"98":0,"99":0,"100":1,"101":1},"branchMap":{"0":{"type":"branch","line":21,"loc":{"start":{"line":21,"column":15},"end":{"line":102,"column":2}},"locations":[{"start":{"line":21,"column":15},"end":{"line":102,"column":2}}]}},"b":{"0":[1]},"fnMap":{"0":{"name":"Object.<anonymous>.exports.default","decl":{"start":{"line":21,"column":15},"end":{"line":102,"column":2}},"loc":{"start":{"line":21,"column":15},"end":{"line":102,"column":2}},"line":21},"1":{"name":"getUserID","decl":{"start":{"line":22,"column":15},"end":{"line":26,"column":5}},"loc":{"start":{"line":22,"column":15},"end":{"line":26,"column":5}},"line":22},"2":{"name":"getLockTime","decl":{"start":{"line":27,"column":17},"end":{"line":31,"column":5}},"loc":{"start":{"line":27,"column":17},"end":{"line":31,"column":5}},"line":27},"3":{"name":"adjustLockTime","decl":{"start":{"line":32,"column":20},"end":{"line":36,"column":5}},"loc":{"start":{"line":32,"column":20},"end":{"line":36,"column":5}},"line":32},"4":{"name":"unlock","decl":{"start":{"line":37,"column":12},"end":{"line":41,"column":5}},"loc":{"start":{"line":37,"column":12},"end":{"line":41,"column":5}},"line":37},"5":{"name":"lock","decl":{"start":{"line":42,"column":10},"end":{"line":46,"column":5}},"loc":{"start":{"line":42,"column":10},"end":{"line":46,"column":5}},"line":42},"6":{"name":"getOpenState","decl":{"start":{"line":47,"column":18},"end":{"line":51,"column":5}},"loc":{"start":{"line":47,"column":18},"end":{"line":51,"column":5}},"line":47},"7":{"name":"freeze","decl":{"start":{"line":52,"column":12},"end":{"line":56,"column":5}},"loc":{"start":{"line":52,"column":12},"end":{"line":56,"column":5}},"line":52},"8":{"name":"unfreeze","decl":{"start":{"line":57,"column":14},"end":{"line":61,"column":5}},"loc":{"start":{"line":57,"column":14},"end":{"line":61,"column":5}},"line":57},"9":{"name":"getLockStatus","decl":{"start":{"line":62,"column":19},"end":{"line":66,"column":5}},"loc":{"start":{"line":62,"column":19},"end":{"line":66,"column":5}},"line":62},"10":{"name":"getGatewayListOfAnAccount","decl":{"start":{"line":67,"column":31},"end":{"line":71,"column":5}},"loc":{"start":{"line":67,"column":31},"end":{"line":71,"column":5}},"line":67},"11":{"name":"getGatewayListOfALock","decl":{"start":{"line":72,"column":27},"end":{"line":76,"column":5}},"loc":{"start":{"line":72,"column":27},"end":{"line":76,"column":5}},"line":72},"12":{"name":"getLockListOfGateway","decl":{"start":{"line":77,"column":26},"end":{"line":81,"column":5}},"loc":{"start":{"line":77,"column":26},"end":{"line":81,"column":5}},"line":77},"13":{"name":"queryGatewayInitStatus","decl":{"start":{"line":82,"column":28},"end":{"line":86,"column":5}},"loc":{"start":{"line":82,"column":28},"end":{"line":86,"column":5}},"line":82},"14":{"name":"uploadGatewayDetailInfo","decl":{"start":{"line":87,"column":29},"end":{"line":91,"column":5}},"loc":{"start":{"line":87,"column":29},"end":{"line":91,"column":5}},"line":87},"15":{"name":"gatewayUpgradeCheckType","decl":{"start":{"line":92,"column":29},"end":{"line":96,"column":5}},"loc":{"start":{"line":92,"column":29},"end":{"line":96,"column":5}},"line":92},"16":{"name":"setGatewayIntoUpgradeModeType","decl":{"start":{"line":97,"column":35},"end":{"line":101,"column":5}},"loc":{"start":{"line":97,"column":35},"end":{"line":101,"column":5}},"line":97}},"f":{"0":1,"1":0,"2":0,"3":0,"4":0,"5":0,"6":0,"7":0,"8":0,"9":0,"10":0,"11":0,"12":0,"13":0,"14":0,"15":0,"16":0}}
,"/Users/envision/Desktop/projects/ttlock/ttlock-api/src/resources/lock.ts": {"path":"/Users/envision/Desktop/projects/ttlock/ttlock-api/src/resources/lock.ts","all":false,"statementMap":{"0":{"start":{"line":1,"column":0},"end":{"line":1,"column":30}},"1":{"start":{"line":2,"column":0},"end":{"line":2,"column":40}},"2":{"start":{"line":3,"column":0},"end":{"line":3,"column":0}},"3":{"start":{"line":4,"column":0},"end":{"line":4,"column":32}},"4":{"start":{"line":5,"column":0},"end":{"line":5,"column":32}},"5":{"start":{"line":6,"column":0},"end":{"line":6,"column":36}},"6":{"start":{"line":7,"column":0},"end":{"line":7,"column":46}},"7":{"start":{"line":8,"column":0},"end":{"line":8,"column":48}},"8":{"start":{"line":9,"column":0},"end":{"line":9,"column":68}},"9":{"start":{"line":10,"column":0},"end":{"line":10,"column":62}},"10":{"start":{"line":11,"column":0},"end":{"line":11,"column":52}},"11":{"start":{"line":12,"column":0},"end":{"line":12,"column":58}},"12":{"start":{"line":13,"column":0},"end":{"line":13,"column":40}},"13":{"start":{"line":14,"column":0},"end":{"line":14,"column":62}},"14":{"start":{"line":15,"column":0},"end":{"line":15,"column":36}},"15":{"start":{"line":16,"column":0},"end":{"line":16,"column":54}},"16":{"start":{"line":17,"column":0},"end":{"line":17,"column":58}},"17":{"start":{"line":18,"column":0},"end":{"line":18,"column":64}},"18":{"start":{"line":19,"column":0},"end":{"line":19,"column":52}},"19":{"start":{"line":20,"column":0},"end":{"line":20,"column":0}},"20":{"start":{"line":21,"column":0},"end":{"line":21,"column":42}},"21":{"start":{"line":22,"column":0},"end":{"line":22,"column":82}},"22":{"start":{"line":23,"column":0},"end":{"line":23,"column":46}},"23":{"start":{"line":24,"column":0},"end":{"line":24,"column":4}},"24":{"start":{"line":25,"column":0},"end":{"line":25,"column":66}},"25":{"start":{"line":26,"column":0},"end":{"line":26,"column":6}},"26":{"start":{"line":27,"column":0},"end":{"line":27,"column":82}},"27":{"start":{"line":28,"column":0},"end":{"line":28,"column":40}},"28":{"start":{"line":29,"column":0},"end":{"line":29,"column":4}},"29":{"start":{"line":30,"column":0},"end":{"line":30,"column":66}},"30":{"start":{"line":31,"column":0},"end":{"line":31,"column":6}},"31":{"start":{"line":32,"column":0},"end":{"line":32,"column":88}},"32":{"start":{"line":33,"column":0},"end":{"line":33,"column":42}},"33":{"start":{"line":34,"column":0},"end":{"line":34,"column":4}},"34":{"start":{"line":35,"column":0},"end":{"line":35,"column":68}},"35":{"start":{"line":36,"column":0},"end":{"line":36,"column":6}},"36":{"start":{"line":37,"column":0},"end":{"line":37,"column":103}},"37":{"start":{"line":38,"column":0},"end":{"line":38,"column":43}},"38":{"start":{"line":39,"column":0},"end":{"line":39,"column":4}},"39":{"start":{"line":40,"column":0},"end":{"line":40,"column":73}},"40":{"start":{"line":41,"column":0},"end":{"line":41,"column":6}},"41":{"start":{"line":42,"column":0},"end":{"line":42,"column":106}},"42":{"start":{"line":43,"column":0},"end":{"line":43,"column":48}},"43":{"start":{"line":44,"column":0},"end":{"line":44,"column":4}},"44":{"start":{"line":45,"column":0},"end":{"line":45,"column":74}},"45":{"start":{"line":46,"column":0},"end":{"line":46,"column":6}},"46":{"start":{"line":47,"column":0},"end":{"line":47,"column":136}},"47":{"start":{"line":48,"column":0},"end":{"line":48,"column":51}},"48":{"start":{"line":49,"column":0},"end":{"line":49,"column":4}},"49":{"start":{"line":50,"column":0},"end":{"line":50,"column":84}},"50":{"start":{"line":51,"column":0},"end":{"line":51,"column":6}},"51":{"start":{"line":52,"column":0},"end":{"line":52,"column":127}},"52":{"start":{"line":53,"column":0},"end":{"line":53,"column":58}},"53":{"start":{"line":54,"column":0},"end":{"line":54,"column":4}},"54":{"start":{"line":55,"column":0},"end":{"line":55,"column":81}},"55":{"start":{"line":56,"column":0},"end":{"line":56,"column":6}},"56":{"start":{"line":57,"column":0},"end":{"line":57,"column":112}},"57":{"start":{"line":58,"column":0},"end":{"line":58,"column":42}},"58":{"start":{"line":59,"column":0},"end":{"line":59,"column":4}},"59":{"start":{"line":60,"column":0},"end":{"line":60,"column":76}},"60":{"start":{"line":61,"column":0},"end":{"line":61,"column":6}},"61":{"start":{"line":62,"column":0},"end":{"line":62,"column":121}},"62":{"start":{"line":63,"column":0},"end":{"line":63,"column":58}},"63":{"start":{"line":64,"column":0},"end":{"line":64,"column":4}},"64":{"start":{"line":65,"column":0},"end":{"line":65,"column":79}},"65":{"start":{"line":66,"column":0},"end":{"line":66,"column":6}},"66":{"start":{"line":67,"column":0},"end":{"line":67,"column":94}},"67":{"start":{"line":68,"column":0},"end":{"line":68,"column":44}},"68":{"start":{"line":69,"column":0},"end":{"line":69,"column":4}},"69":{"start":{"line":70,"column":0},"end":{"line":70,"column":70}},"70":{"start":{"line":71,"column":0},"end":{"line":71,"column":6}},"71":{"start":{"line":72,"column":0},"end":{"line":72,"column":127}},"72":{"start":{"line":73,"column":0},"end":{"line":73,"column":57}},"73":{"start":{"line":74,"column":0},"end":{"line":74,"column":4}},"74":{"start":{"line":75,"column":0},"end":{"line":75,"column":81}},"75":{"start":{"line":76,"column":0},"end":{"line":76,"column":6}},"76":{"start":{"line":77,"column":0},"end":{"line":77,"column":88}},"77":{"start":{"line":78,"column":0},"end":{"line":78,"column":42}},"78":{"start":{"line":79,"column":0},"end":{"line":79,"column":4}},"79":{"start":{"line":80,"column":0},"end":{"line":80,"column":68}},"80":{"start":{"line":81,"column":0},"end":{"line":81,"column":6}},"81":{"start":{"line":82,"column":0},"end":{"line":82,"column":115}},"82":{"start":{"line":83,"column":0},"end":{"line":83,"column":51}},"83":{"start":{"line":84,"column":0},"end":{"line":84,"column":4}},"84":{"start":{"line":85,"column":0},"end":{"line":85,"column":77}},"85":{"start":{"line":86,"column":0},"end":{"line":86,"column":6}},"86":{"start":{"line":87,"column":0},"end":{"line":87,"column":121}},"87":{"start":{"line":88,"column":0},"end":{"line":88,"column":53}},"88":{"start":{"line":89,"column":0},"end":{"line":89,"column":4}},"89":{"start":{"line":90,"column":0},"end":{"line":90,"column":79}},"90":{"start":{"line":91,"column":0},"end":{"line":91,"column":6}},"91":{"start":{"line":92,"column":0},"end":{"line":92,"column":130}},"92":{"start":{"line":93,"column":0},"end":{"line":93,"column":56}},"93":{"start":{"line":94,"column":0},"end":{"line":94,"column":4}},"94":{"start":{"line":95,"column":0},"end":{"line":95,"column":82}},"95":{"start":{"line":96,"column":0},"end":{"line":96,"column":6}},"96":{"start":{"line":97,"column":0},"end":{"line":97,"column":112}},"97":{"start":{"line":98,"column":0},"end":{"line":98,"column":50}},"98":{"start":{"line":99,"column":0},"end":{"line":99,"column":4}},"99":{"start":{"line":100,"column":0},"end":{"line":100,"column":76}},"100":{"start":{"line":101,"column":0},"end":{"line":101,"column":6}},"101":{"start":{"line":102,"column":0},"end":{"line":102,"column":2}}},"s":{"0":1,"1":1,"2":1,"3":1,"4":1,"5":1,"6":1,"7":1,"8":1,"9":1,"10":1,"11":1,"12":1,"13":1,"14":1,"15":1,"16":1,"17":1,"18":1,"19":1,"20":1,"21":1,"22":0,"23":0,"24":0,"25":1,"26":1,"27":0,"28":0,"29":0,"30":1,"31":1,"32":0,"33":0,"34":0,"35":1,"36":1,"37":0,"38":0,"39":0,"40":1,"41":1,"42":0,"43":0,"44":0,"45":1,"46":1,"47":0,"48":0,"49":0,"50":1,"51":1,"52":0,"53":0,"54":0,"55":1,"56":1,"57":0,"58":0,"59":0,"60":1,"61":1,"62":0,"63":0,"64":0,"65":1,"66":1,"67":0,"68":0,"69":0,"70":1,"71":1,"72":0,"73":0,"74":0,"75":1,"76":1,"77":0,"78":0,"79":0,"80":1,"81":1,"82":0,"83":0,"84":0,"85":1,"86":1,"87":0,"88":0,"89":0,"90":1,"91":1,"92":0,"93":0,"94":0,"95":1,"96":1,"97":0,"98":0,"99":0,"100":1,"101":1},"branchMap":{"0":{"type":"branch","line":21,"loc":{"start":{"line":21,"column":15},"end":{"line":102,"column":2}},"locations":[{"start":{"line":21,"column":15},"end":{"line":102,"column":2}}]}},"b":{"0":[1]},"fnMap":{"0":{"name":"Object.<anonymous>.exports.default","decl":{"start":{"line":21,"column":15},"end":{"line":102,"column":2}},"loc":{"start":{"line":21,"column":15},"end":{"line":102,"column":2}},"line":21},"1":{"name":"init","decl":{"start":{"line":22,"column":10},"end":{"line":26,"column":5}},"loc":{"start":{"line":22,"column":10},"end":{"line":26,"column":5}},"line":22},"2":{"name":"list","decl":{"start":{"line":27,"column":10},"end":{"line":31,"column":5}},"loc":{"start":{"line":27,"column":10},"end":{"line":31,"column":5}},"line":27},"3":{"name":"detail","decl":{"start":{"line":32,"column":12},"end":{"line":36,"column":5}},"loc":{"start":{"line":32,"column":12},"end":{"line":36,"column":5}},"line":32},"4":{"name":"commonEkeys","decl":{"start":{"line":37,"column":17},"end":{"line":41,"column":5}},"loc":{"start":{"line":37,"column":17},"end":{"line":41,"column":5}},"line":37},"5":{"name":"deleteAllKey","decl":{"start":{"line":42,"column":18},"end":{"line":46,"column":5}},"loc":{"start":{"line":42,"column":18},"end":{"line":46,"column":5}},"line":42},"6":{"name":"getAllCreatedPasscodes","decl":{"start":{"line":47,"column":28},"end":{"line":51,"column":5}},"loc":{"start":{"line":47,"column":28},"end":{"line":51,"column":5}},"line":47},"7":{"name":"changeSuperPasscode","decl":{"start":{"line":52,"column":25},"end":{"line":56,"column":5}},"loc":{"start":{"line":52,"column":25},"end":{"line":56,"column":5}},"line":52},"8":{"name":"changeLockName","decl":{"start":{"line":57,"column":20},"end":{"line":61,"column":5}},"loc":{"start":{"line":57,"column":20},"end":{"line":61,"column":5}},"line":57},"9":{"name":"uploadLockBattery","decl":{"start":{"line":62,"column":23},"end":{"line":66,"column":5}},"loc":{"start":{"line":62,"column":23},"end":{"line":66,"column":5}},"line":62},"10":{"name":"transfer","decl":{"start":{"line":67,"column":14},"end":{"line":71,"column":5}},"loc":{"start":{"line":67,"column":14},"end":{"line":71,"column":5}},"line":67},"11":{"name":"getElectricQuantity","decl":{"start":{"line":72,"column":25},"end":{"line":76,"column":5}},"loc":{"start":{"line":72,"column":25},"end":{"line":76,"column":5}},"line":72},"12":{"name":"delete","decl":{"start":{"line":77,"column":12},"end":{"line":81,"column":5}},"loc":{"start":{"line":77,"column":12},"end":{"line":81,"column":5}},"line":77},"13":{"name":"setAutoLockTime","decl":{"start":{"line":82,"column":21},"end":{"line":86,"column":5}},"loc":{"start":{"line":82,"column":21},"end":{"line":86,"column":5}},"line":82},"14":{"name":"configPassageMode","decl":{"start":{"line":87,"column":23},"end":{"line":91,"column":5}},"loc":{"start":{"line":87,"column":23},"end":{"line":91,"column":5}},"line":87},"15":{"name":"getPassageModeConfig","decl":{"start":{"line":92,"column":26},"end":{"line":96,"column":5}},"loc":{"start":{"line":92,"column":26},"end":{"line":96,"column":5}},"line":92},"16":{"name":"updateLockData","decl":{"start":{"line":97,"column":20},"end":{"line":101,"column":5}},"loc":{"start":{"line":97,"column":20},"end":{"line":101,"column":5}},"line":97}},"f":{"0":1,"1":0,"2":0,"3":0,"4":0,"5":0,"6":0,"7":0,"8":0,"9":0,"10":0,"11":0,"12":0,"13":0,"14":0,"15":0,"16":0}}
,"/Users/envision/Desktop/projects/ttlock/ttlock-api/src/resources/passcode.ts": {"path":"/Users/envision/Desktop/projects/ttlock/ttlock-api/src/resources/passcode.ts","all":false,"statementMap":{"0":{"start":{"line":1,"column":0},"end":{"line":1,"column":30}},"1":{"start":{"line":2,"column":0},"end":{"line":2,"column":44}},"2":{"start":{"line":3,"column":0},"end":{"line":3,"column":0}},"3":{"start":{"line":4,"column":0},"end":{"line":4,"column":34}},"4":{"start":{"line":5,"column":0},"end":{"line":5,"column":40}},"5":{"start":{"line":6,"column":0},"end":{"line":6,"column":40}},"6":{"start":{"line":7,"column":0},"end":{"line":7,"column":34}},"7":{"start":{"line":8,"column":0},"end":{"line":8,"column":0}},"8":{"start":{"line":9,"column":0},"end":{"line":9,"column":42}},"9":{"start":{"line":10,"column":0},"end":{"line":10,"column":79}},"10":{"start":{"line":11,"column":0},"end":{"line":11,"column":46}},"11":{"start":{"line":12,"column":0},"end":{"line":12,"column":4}},"12":{"start":{"line":13,"column":0},"end":{"line":13,"column":65}},"13":{"start":{"line":14,"column":0},"end":{"line":14,"column":6}},"14":{"start":{"line":15,"column":0},"end":{"line":15,"column":88}},"15":{"start":{"line":16,"column":0},"end":{"line":16,"column":49}},"16":{"start":{"line":17,"column":0},"end":{"line":17,"column":4}},"17":{"start":{"line":18,"column":0},"end":{"line":18,"column":68}},"18":{"start":{"line":19,"column":0},"end":{"line":19,"column":6}},"19":{"start":{"line":20,"column":0},"end":{"line":20,"column":88}},"20":{"start":{"line":21,"column":0},"end":{"line":21,"column":49}},"21":{"start":{"line":22,"column":0},"end":{"line":22,"column":4}},"22":{"start":{"line":23,"column":0},"end":{"line":23,"column":68}},"23":{"start":{"line":24,"column":0},"end":{"line":24,"column":6}},"24":{"start":{"line":25,"column":0},"end":{"line":25,"column":79}},"25":{"start":{"line":26,"column":0},"end":{"line":26,"column":46}},"26":{"start":{"line":27,"column":0},"end":{"line":27,"column":4}},"27":{"start":{"line":28,"column":0},"end":{"line":28,"column":65}},"28":{"start":{"line":29,"column":0},"end":{"line":29,"column":6}},"29":{"start":{"line":30,"column":0},"end":{"line":30,"column":2}}},"s":{"0":1,"1":1,"2":1,"3":1,"4":1,"5":1,"6":1,"7":1,"8":1,"9":1,"10":0,"11":0,"12":0,"13":1,"14":1,"15":0,"16":0,"17":0,"18":1,"19":1,"20":0,"21":0,"22":0,"23":1,"24":1,"25":0,"26":0,"27":0,"28":1,"29":1},"branchMap":{"0":{"type":"branch","line":9,"loc":{"start":{"line":9,"column":15},"end":{"line":30,"column":2}},"locations":[{"start":{"line":9,"column":15},"end":{"line":30,"column":2}}]}},"b":{"0":[1]},"fnMap":{"0":{"name":"Object.<anonymous>.exports.default","decl":{"start":{"line":9,"column":15},"end":{"line":30,"column":2}},"loc":{"start":{"line":9,"column":15},"end":{"line":30,"column":2}},"line":9},"1":{"name":"get","decl":{"start":{"line":10,"column":9},"end":{"line":14,"column":5}},"loc":{"start":{"line":10,"column":9},"end":{"line":14,"column":5}},"line":10},"2":{"name":"delete","decl":{"start":{"line":15,"column":12},"end":{"line":19,"column":5}},"loc":{"start":{"line":15,"column":12},"end":{"line":19,"column":5}},"line":15},"3":{"name":"change","decl":{"start":{"line":20,"column":12},"end":{"line":24,"column":5}},"loc":{"start":{"line":20,"column":12},"end":{"line":24,"column":5}},"line":20},"4":{"name":"add","decl":{"start":{"line":25,"column":9},"end":{"line":29,"column":5}},"loc":{"start":{"line":25,"column":9},"end":{"line":29,"column":5}},"line":25}},"f":{"0":1,"1":0,"2":0,"3":0,"4":0}}
,"/Users/envision/Desktop/projects/ttlock/ttlock-api/src/resources/unlock-records.ts": {"path":"/Users/envision/Desktop/projects/ttlock/ttlock-api/src/resources/unlock-records.ts","all":false,"statementMap":{"0":{"start":{"line":1,"column":0},"end":{"line":1,"column":30}},"1":{"start":{"line":2,"column":0},"end":{"line":2,"column":49}},"2":{"start":{"line":3,"column":0},"end":{"line":3,"column":0}},"3":{"start":{"line":4,"column":0},"end":{"line":4,"column":47}},"4":{"start":{"line":5,"column":0},"end":{"line":5,"column":45}},"5":{"start":{"line":6,"column":0},"end":{"line":6,"column":0}},"6":{"start":{"line":7,"column":0},"end":{"line":7,"column":42}},"7":{"start":{"line":8,"column":0},"end":{"line":8,"column":91}},"8":{"start":{"line":9,"column":0},"end":{"line":9,"column":46}},"9":{"start":{"line":10,"column":0},"end":{"line":10,"column":4}},"10":{"start":{"line":11,"column":0},"end":{"line":11,"column":69}},"11":{"start":{"line":12,"column":0},"end":{"line":12,"column":6}},"12":{"start":{"line":13,"column":0},"end":{"line":13,"column":88}},"13":{"start":{"line":14,"column":0},"end":{"line":14,"column":48}},"14":{"start":{"line":15,"column":0},"end":{"line":15,"column":4}},"15":{"start":{"line":16,"column":0},"end":{"line":16,"column":68}},"16":{"start":{"line":17,"column":0},"end":{"line":17,"column":6}},"17":{"start":{"line":18,"column":0},"end":{"line":18,"column":2}}},"s":{"0":1,"1":1,"2":1,"3":1,"4":1,"5":1,"6":1,"7":1,"8":0,"9":0,"10":0,"11":1,"12":1,"13":0,"14":0,"15":0,"16":1,"17":1},"branchMap":{"0":{"type":"branch","line":7,"loc":{"start":{"line":7,"column":15},"end":{"line":18,"column":2}},"locations":[{"start":{"line":7,"column":15},"end":{"line":18,"column":2}}]}},"b":{"0":[1]},"fnMap":{"0":{"name":"Object.<anonymous>.exports.default","decl":{"start":{"line":7,"column":15},"end":{"line":18,"column":2}},"loc":{"start":{"line":7,"column":15},"end":{"line":18,"column":2}},"line":7},"1":{"name":"getList","decl":{"start":{"line":8,"column":13},"end":{"line":12,"column":5}},"loc":{"start":{"line":8,"column":13},"end":{"line":12,"column":5}},"line":8},"2":{"name":"upload","decl":{"start":{"line":13,"column":12},"end":{"line":17,"column":5}},"loc":{"start":{"line":13,"column":12},"end":{"line":17,"column":5}},"line":13}},"f":{"0":1,"1":0,"2":0}}
,"/Users/envision/Desktop/projects/ttlock/ttlock-api/src/resources/user.ts": {"path":"/Users/envision/Desktop/projects/ttlock/ttlock-api/src/resources/user.ts","all":false,"statementMap":{"0":{"start":{"line":1,"column":0},"end":{"line":1,"column":32}},"1":{"start":{"line":2,"column":0},"end":{"line":2,"column":0}},"2":{"start":{"line":3,"column":0},"end":{"line":3,"column":31}},"3":{"start":{"line":4,"column":0},"end":{"line":4,"column":41}},"4":{"start":{"line":5,"column":0},"end":{"line":5,"column":0}},"5":{"start":{"line":6,"column":0},"end":{"line":6,"column":52}},"6":{"start":{"line":7,"column":0},"end":{"line":7,"column":44}},"7":{"start":{"line":8,"column":0},"end":{"line":8,"column":40}},"8":{"start":{"line":9,"column":0},"end":{"line":9,"column":50}},"9":{"start":{"line":10,"column":0},"end":{"line":10,"column":46}},"10":{"start":{"line":11,"column":0},"end":{"line":11,"column":44}},"11":{"start":{"line":12,"column":0},"end":{"line":12,"column":0}},"12":{"start":{"line":13,"column":0},"end":{"line":13,"column":48}},"13":{"start":{"line":14,"column":0},"end":{"line":14,"column":112}},"14":{"start":{"line":15,"column":0},"end":{"line":15,"column":40}},"15":{"start":{"line":16,"column":0},"end":{"line":16,"column":38}},"16":{"start":{"line":17,"column":0},"end":{"line":17,"column":0}},"17":{"start":{"line":18,"column":0},"end":{"line":18,"column":40}},"18":{"start":{"line":19,"column":0},"end":{"line":19,"column":22}},"19":{"start":{"line":20,"column":0},"end":{"line":20,"column":26}},"20":{"start":{"line":21,"column":0},"end":{"line":21,"column":40}},"21":{"start":{"line":22,"column":0},"end":{"line":22,"column":36}},"22":{"start":{"line":23,"column":0},"end":{"line":23,"column":9}},"23":{"start":{"line":24,"column":0},"end":{"line":24,"column":4}},"24":{"start":{"line":25,"column":0},"end":{"line":25,"column":76}},"25":{"start":{"line":26,"column":0},"end":{"line":26,"column":6}},"26":{"start":{"line":27,"column":0},"end":{"line":27,"column":98}},"27":{"start":{"line":28,"column":0},"end":{"line":28,"column":38}},"28":{"start":{"line":29,"column":0},"end":{"line":29,"column":0}},"29":{"start":{"line":30,"column":0},"end":{"line":30,"column":40}},"30":{"start":{"line":31,"column":0},"end":{"line":31,"column":22}},"31":{"start":{"line":32,"column":0},"end":{"line":32,"column":26}},"32":{"start":{"line":33,"column":0},"end":{"line":33,"column":40}},"33":{"start":{"line":34,"column":0},"end":{"line":34,"column":9}},"34":{"start":{"line":35,"column":0},"end":{"line":35,"column":4}},"35":{"start":{"line":36,"column":0},"end":{"line":36,"column":70}},"36":{"start":{"line":37,"column":0},"end":{"line":37,"column":6}},"37":{"start":{"line":38,"column":0},"end":{"line":38,"column":94}},"38":{"start":{"line":39,"column":0},"end":{"line":39,"column":40}},"39":{"start":{"line":40,"column":0},"end":{"line":40,"column":38}},"40":{"start":{"line":41,"column":0},"end":{"line":41,"column":0}},"41":{"start":{"line":42,"column":0},"end":{"line":42,"column":44}},"42":{"start":{"line":43,"column":0},"end":{"line":43,"column":22}},"43":{"start":{"line":44,"column":0},"end":{"line":44,"column":25}},"44":{"start":{"line":45,"column":0},"end":{"line":45,"column":26}},"45":{"start":{"line":46,"column":0},"end":{"line":46,"column":36}},"46":{"start":{"line":47,"column":0},"end":{"line":47,"column":9}},"47":{"start":{"line":48,"column":0},"end":{"line":48,"column":4}},"48":{"start":{"line":49,"column":0},"end":{"line":49,"column":64}},"49":{"start":{"line":50,"column":0},"end":{"line":50,"column":6}},"50":{"start":{"line":51,"column":0},"end":{"line":51,"column":110}},"51":{"start":{"line":52,"column":0},"end":{"line":52,"column":39}},"52":{"start":{"line":53,"column":0},"end":{"line":53,"column":38}},"53":{"start":{"line":54,"column":0},"end":{"line":54,"column":0}},"54":{"start":{"line":55,"column":0},"end":{"line":55,"column":49}},"55":{"start":{"line":56,"column":0},"end":{"line":56,"column":22}},"56":{"start":{"line":57,"column":0},"end":{"line":57,"column":25}},"57":{"start":{"line":58,"column":0},"end":{"line":58,"column":26}},"58":{"start":{"line":59,"column":0},"end":{"line":59,"column":36}},"59":{"start":{"line":60,"column":0},"end":{"line":60,"column":9}},"60":{"start":{"line":61,"column":0},"end":{"line":61,"column":4}},"61":{"start":{"line":62,"column":0},"end":{"line":62,"column":69}},"62":{"start":{"line":63,"column":0},"end":{"line":63,"column":6}},"63":{"start":{"line":64,"column":0},"end":{"line":64,"column":108}},"64":{"start":{"line":65,"column":0},"end":{"line":65,"column":38}},"65":{"start":{"line":66,"column":0},"end":{"line":66,"column":0}},"66":{"start":{"line":67,"column":0},"end":{"line":67,"column":40}},"67":{"start":{"line":68,"column":0},"end":{"line":68,"column":22}},"68":{"start":{"line":69,"column":0},"end":{"line":69,"column":25}},"69":{"start":{"line":70,"column":0},"end":{"line":70,"column":25}},"70":{"start":{"line":71,"column":0},"end":{"line":71,"column":9}},"71":{"start":{"line":72,"column":0},"end":{"line":72,"column":0}},"72":{"start":{"line":73,"column":0},"end":{"line":73,"column":67}},"73":{"start":{"line":74,"column":0},"end":{"line":74,"column":6}},"74":{"start":{"line":75,"column":0},"end":{"line":75,"column":105}},"75":{"start":{"line":76,"column":0},"end":{"line":76,"column":38}},"76":{"start":{"line":77,"column":0},"end":{"line":77,"column":0}},"77":{"start":{"line":78,"column":0},"end":{"line":78,"column":42}},"78":{"start":{"line":79,"column":0},"end":{"line":79,"column":22}},"79":{"start":{"line":80,"column":0},"end":{"line":80,"column":25}},"80":{"start":{"line":81,"column":0},"end":{"line":81,"column":25}},"81":{"start":{"line":82,"column":0},"end":{"line":82,"column":9}},"82":{"start":{"line":83,"column":0},"end":{"line":83,"column":0}},"83":{"start":{"line":84,"column":0},"end":{"line":84,"column":66}},"84":{"start":{"line":85,"column":0},"end":{"line":85,"column":5}},"85":{"start":{"line":86,"column":0},"end":{"line":86,"column":2}}},"s":{"0":1,"1":1,"2":1,"3":1,"4":1,"5":1,"6":1,"7":1,"8":1,"9":1,"10":1,"11":1,"12":1,"13":1,"14":0,"15":0,"16":0,"17":0,"18":0,"19":0,"20":0,"21":0,"22":0,"23":0,"24":0,"25":1,"26":1,"27":0,"28":0,"29":0,"30":0,"31":0,"32":0,"33":0,"34":0,"35":0,"36":1,"37":1,"38":0,"39":0,"40":0,"41":0,"42":0,"43":0,"44":0,"45":0,"46":0,"47":0,"48":0,"49":1,"50":1,"51":0,"52":0,"53":0,"54":0,"55":0,"56":0,"57":0,"58":0,"59":0,"60":0,"61":0,"62":1,"63":1,"64":0,"65":0,"66":0,"67":0,"68":0,"69":0,"70":0,"71":0,"72":0,"73":0,"74":1,"75":0,"76":0,"77":0,"78":0,"79":0,"80":0,"81":0,"82":0,"83":0,"84":0,"85":1},"branchMap":{"0":{"type":"branch","line":13,"loc":{"start":{"line":13,"column":15},"end":{"line":86,"column":2}},"locations":[{"start":{"line":13,"column":15},"end":{"line":86,"column":2}}]}},"b":{"0":[1]},"fnMap":{"0":{"name":"Object.<anonymous>.exports.default","decl":{"start":{"line":13,"column":15},"end":{"line":86,"column":2}},"loc":{"start":{"line":13,"column":15},"end":{"line":86,"column":2}},"line":13},"1":{"name":"getAccessToken","decl":{"start":{"line":14,"column":20},"end":{"line":26,"column":5}},"loc":{"start":{"line":14,"column":20},"end":{"line":26,"column":5}},"line":14},"2":{"name":"refreshToken","decl":{"start":{"line":27,"column":18},"end":{"line":37,"column":5}},"loc":{"start":{"line":27,"column":18},"end":{"line":37,"column":5}},"line":27},"3":{"name":"register","decl":{"start":{"line":38,"column":14},"end":{"line":50,"column":5}},"loc":{"start":{"line":38,"column":14},"end":{"line":50,"column":5}},"line":38},"4":{"name":"resetPassword","decl":{"start":{"line":51,"column":19},"end":{"line":63,"column":5}},"loc":{"start":{"line":51,"column":19},"end":{"line":63,"column":5}},"line":51},"5":{"name":"getUserList","decl":{"start":{"line":64,"column":17},"end":{"line":74,"column":6}},"loc":{"start":{"line":64,"column":17},"end":{"line":74,"column":6}},"line":64},"6":{"name":"deleteUser","decl":{"start":{"line":75,"column":16},"end":{"line":85,"column":5}},"loc":{"start":{"line":75,"column":16},"end":{"line":85,"column":5}},"line":75}},"f":{"0":1,"1":0,"2":0,"3":0,"4":0,"5":0,"6":0}}
}
