TN:
SF:src/client.ts
FN:8,Client
FN:12,request
FNF:2
FNH:1
FNDA:1,Client
FNDA:0,request
DA:1,1
DA:2,1
DA:3,1
DA:4,1
DA:5,1
DA:6,1
DA:7,1
DA:8,1
DA:9,1
DA:10,1
DA:11,1
DA:12,1
DA:13,0
DA:14,0
DA:15,0
DA:16,0
DA:17,0
DA:18,0
DA:19,0
DA:20,0
DA:21,0
DA:22,0
DA:23,0
DA:24,0
DA:25,0
DA:26,0
DA:27,0
DA:28,0
DA:29,0
DA:30,0
DA:31,0
DA:32,1
LF:32
LH:13
BRDA:8,0,0,1
BRF:1
BRH:1
end_of_record
TN:
SF:src/index.ts
FN:11,createClient
FNF:1
FNH:1
FNDA:1,createClient
DA:1,1
DA:2,1
DA:3,1
DA:4,1
DA:5,1
DA:6,1
DA:7,1
DA:8,1
DA:9,1
DA:10,1
DA:11,1
DA:12,1
DA:13,1
DA:14,1
DA:15,1
DA:16,1
DA:17,1
DA:18,1
DA:19,1
DA:20,1
DA:21,1
DA:22,1
DA:23,1
DA:24,1
DA:25,1
DA:26,1
DA:27,1
LF:27
LH:27
BRDA:11,0,0,1
BRF:1
BRH:1
end_of_record
TN:
SF:src/resources/ekey.ts
FN:14,Object.<anonymous>.exports.default
FN:15,send
FN:20,list
FN:25,getKeyOneEkey
FN:30,delete
FN:35,freeze
FN:40,unfreeze
FN:45,changeValidTime
FN:50,authorize
FN:55,unauthorize
FNF:10
FNH:1
FNDA:1,Object.<anonymous>.exports.default
FNDA:0,send
FNDA:0,list
FNDA:0,getKeyOneEkey
FNDA:0,delete
FNDA:0,freeze
FNDA:0,unfreeze
FNDA:0,changeValidTime
FNDA:0,authorize
FNDA:0,unauthorize
DA:1,1
DA:2,1
DA:3,1
DA:4,1
DA:5,1
DA:6,1
DA:7,1
DA:8,1
DA:9,1
DA:10,1
DA:11,1
DA:12,1
DA:13,1
DA:14,1
DA:15,1
DA:16,0
DA:17,0
DA:18,0
DA:19,1
DA:20,1
DA:21,0
DA:22,0
DA:23,0
DA:24,1
DA:25,1
DA:26,0
DA:27,0
DA:28,0
DA:29,1
DA:30,1
DA:31,0
DA:32,0
DA:33,0
DA:34,1
DA:35,1
DA:36,0
DA:37,0
DA:38,0
DA:39,1
DA:40,1
DA:41,0
DA:42,0
DA:43,0
DA:44,1
DA:45,1
DA:46,0
DA:47,0
DA:48,0
DA:49,1
DA:50,1
DA:51,0
DA:52,0
DA:53,0
DA:54,1
DA:55,1
DA:56,0
DA:57,0
DA:58,0
DA:59,1
DA:60,1
LF:60
LH:33
BRDA:14,0,0,1
BRF:1
BRH:1
end_of_record
TN:
SF:src/resources/gateway.ts
FN:21,Object.<anonymous>.exports.default
FN:22,getUserID
FN:27,getLockTime
FN:32,adjustLockTime
FN:37,unlock
FN:42,lock
FN:47,getOpenState
FN:52,freeze
FN:57,unfreeze
FN:62,getLockStatus
FN:67,getGatewayListOfAnAccount
FN:72,getGatewayListOfALock
FN:77,getLockListOfGateway
FN:82,queryGatewayInitStatus
FN:87,uploadGatewayDetailInfo
FN:92,gatewayUpgradeCheckType
FN:97,setGatewayIntoUpgradeModeType
FNF:17
FNH:1
FNDA:1,Object.<anonymous>.exports.default
FNDA:0,getUserID
FNDA:0,getLockTime
FNDA:0,adjustLockTime
FNDA:0,unlock
FNDA:0,lock
FNDA:0,getOpenState
FNDA:0,freeze
FNDA:0,unfreeze
FNDA:0,getLockStatus
FNDA:0,getGatewayListOfAnAccount
FNDA:0,getGatewayListOfALock
FNDA:0,getLockListOfGateway
FNDA:0,queryGatewayInitStatus
FNDA:0,uploadGatewayDetailInfo
FNDA:0,gatewayUpgradeCheckType
FNDA:0,setGatewayIntoUpgradeModeType
DA:1,1
DA:2,1
DA:3,1
DA:4,1
DA:5,1
DA:6,1
DA:7,1
DA:8,1
DA:9,1
DA:10,1
DA:11,1
DA:12,1
DA:13,1
DA:14,1
DA:15,1
DA:16,1
DA:17,1
DA:18,1
DA:19,1
DA:20,1
DA:21,1
DA:22,1
DA:23,0
DA:24,0
DA:25,0
DA:26,1
DA:27,1
DA:28,0
DA:29,0
DA:30,0
DA:31,1
DA:32,1
DA:33,0
DA:34,0
DA:35,0
DA:36,1
DA:37,1
DA:38,0
DA:39,0
DA:40,0
DA:41,1
DA:42,1
DA:43,0
DA:44,0
DA:45,0
DA:46,1
DA:47,1
DA:48,0
DA:49,0
DA:50,0
DA:51,1
DA:52,1
DA:53,0
DA:54,0
DA:55,0
DA:56,1
DA:57,1
DA:58,0
DA:59,0
DA:60,0
DA:61,1
DA:62,1
DA:63,0
DA:64,0
DA:65,0
DA:66,1
DA:67,1
DA:68,0
DA:69,0
DA:70,0
DA:71,1
DA:72,1
DA:73,0
DA:74,0
DA:75,0
DA:76,1
DA:77,1
DA:78,0
DA:79,0
DA:80,0
DA:81,1
DA:82,1
DA:83,0
DA:84,0
DA:85,0
DA:86,1
DA:87,1
DA:88,0
DA:89,0
DA:90,0
DA:91,1
DA:92,1
DA:93,0
DA:94,0
DA:95,0
DA:96,1
DA:97,1
DA:98,0
DA:99,0
DA:100,0
DA:101,1
DA:102,1
LF:102
LH:54
BRDA:21,0,0,1
BRF:1
BRH:1
end_of_record
TN:
SF:src/resources/lock.ts
FN:21,Object.<anonymous>.exports.default
FN:22,init
FN:27,list
FN:32,detail
FN:37,commonEkeys
FN:42,deleteAllKey
FN:47,getAllCreatedPasscodes
FN:52,changeSuperPasscode
FN:57,changeLockName
FN:62,uploadLockBattery
FN:67,transfer
FN:72,getElectricQuantity
FN:77,delete
FN:82,setAutoLockTime
FN:87,configPassageMode
FN:92,getPassageModeConfig
FN:97,updateLockData
FNF:17
FNH:1
FNDA:1,Object.<anonymous>.exports.default
FNDA:0,init
FNDA:0,list
FNDA:0,detail
FNDA:0,commonEkeys
FNDA:0,deleteAllKey
FNDA:0,getAllCreatedPasscodes
FNDA:0,changeSuperPasscode
FNDA:0,changeLockName
FNDA:0,uploadLockBattery
FNDA:0,transfer
FNDA:0,getElectricQuantity
FNDA:0,delete
FNDA:0,setAutoLockTime
FNDA:0,configPassageMode
FNDA:0,getPassageModeConfig
FNDA:0,updateLockData
DA:1,1
DA:2,1
DA:3,1
DA:4,1
DA:5,1
DA:6,1
DA:7,1
DA:8,1
DA:9,1
DA:10,1
DA:11,1
DA:12,1
DA:13,1
DA:14,1
DA:15,1
DA:16,1
DA:17,1
DA:18,1
DA:19,1
DA:20,1
DA:21,1
DA:22,1
DA:23,0
DA:24,0
DA:25,0
DA:26,1
DA:27,1
DA:28,0
DA:29,0
DA:30,0
DA:31,1
DA:32,1
DA:33,0
DA:34,0
DA:35,0
DA:36,1
DA:37,1
DA:38,0
DA:39,0
DA:40,0
DA:41,1
DA:42,1
DA:43,0
DA:44,0
DA:45,0
DA:46,1
DA:47,1
DA:48,0
DA:49,0
DA:50,0
DA:51,1
DA:52,1
DA:53,0
DA:54,0
DA:55,0
DA:56,1
DA:57,1
DA:58,0
DA:59,0
DA:60,0
DA:61,1
DA:62,1
DA:63,0
DA:64,0
DA:65,0
DA:66,1
DA:67,1
DA:68,0
DA:69,0
DA:70,0
DA:71,1
DA:72,1
DA:73,0
DA:74,0
DA:75,0
DA:76,1
DA:77,1
DA:78,0
DA:79,0
DA:80,0
DA:81,1
DA:82,1
DA:83,0
DA:84,0
DA:85,0
DA:86,1
DA:87,1
DA:88,0
DA:89,0
DA:90,0
DA:91,1
DA:92,1
DA:93,0
DA:94,0
DA:95,0
DA:96,1
DA:97,1
DA:98,0
DA:99,0
DA:100,0
DA:101,1
DA:102,1
LF:102
LH:54
BRDA:21,0,0,1
BRF:1
BRH:1
end_of_record
TN:
SF:src/resources/passcode.ts
FN:9,Object.<anonymous>.exports.default
FN:10,get
FN:15,delete
FN:20,change
FN:25,add
FNF:5
FNH:1
FNDA:1,Object.<anonymous>.exports.default
FNDA:0,get
FNDA:0,delete
FNDA:0,change
FNDA:0,add
DA:1,1
DA:2,1
DA:3,1
DA:4,1
DA:5,1
DA:6,1
DA:7,1
DA:8,1
DA:9,1
DA:10,1
DA:11,0
DA:12,0
DA:13,0
DA:14,1
DA:15,1
DA:16,0
DA:17,0
DA:18,0
DA:19,1
DA:20,1
DA:21,0
DA:22,0
DA:23,0
DA:24,1
DA:25,1
DA:26,0
DA:27,0
DA:28,0
DA:29,1
DA:30,1
LF:30
LH:18
BRDA:9,0,0,1
BRF:1
BRH:1
end_of_record
TN:
SF:src/resources/unlock-records.ts
FN:7,Object.<anonymous>.exports.default
FN:8,getList
FN:13,upload
FNF:3
FNH:1
FNDA:1,Object.<anonymous>.exports.default
FNDA:0,getList
FNDA:0,upload
DA:1,1
DA:2,1
DA:3,1
DA:4,1
DA:5,1
DA:6,1
DA:7,1
DA:8,1
DA:9,0
DA:10,0
DA:11,0
DA:12,1
DA:13,1
DA:14,0
DA:15,0
DA:16,0
DA:17,1
DA:18,1
LF:18
LH:12
BRDA:7,0,0,1
BRF:1
BRH:1
end_of_record
TN:
SF:src/resources/user.ts
FN:13,Object.<anonymous>.exports.default
FN:14,getAccessToken
FN:27,refreshToken
FN:38,register
FN:51,resetPassword
FN:64,getUserList
FN:75,deleteUser
FNF:7
FNH:1
FNDA:1,Object.<anonymous>.exports.default
FNDA:0,getAccessToken
FNDA:0,refreshToken
FNDA:0,register
FNDA:0,resetPassword
FNDA:0,getUserList
FNDA:0,deleteUser
DA:1,1
DA:2,1
DA:3,1
DA:4,1
DA:5,1
DA:6,1
DA:7,1
DA:8,1
DA:9,1
DA:10,1
DA:11,1
DA:12,1
DA:13,1
DA:14,1
DA:15,0
DA:16,0
DA:17,0
DA:18,0
DA:19,0
DA:20,0
DA:21,0
DA:22,0
DA:23,0
DA:24,0
DA:25,0
DA:26,1
DA:27,1
DA:28,0
DA:29,0
DA:30,0
DA:31,0
DA:32,0
DA:33,0
DA:34,0
DA:35,0
DA:36,0
DA:37,1
DA:38,1
DA:39,0
DA:40,0
DA:41,0
DA:42,0
DA:43,0
DA:44,0
DA:45,0
DA:46,0
DA:47,0
DA:48,0
DA:49,0
DA:50,1
DA:51,1
DA:52,0
DA:53,0
DA:54,0
DA:55,0
DA:56,0
DA:57,0
DA:58,0
DA:59,0
DA:60,0
DA:61,0
DA:62,0
DA:63,1
DA:64,1
DA:65,0
DA:66,0
DA:67,0
DA:68,0
DA:69,0
DA:70,0
DA:71,0
DA:72,0
DA:73,0
DA:74,0
DA:75,1
DA:76,0
DA:77,0
DA:78,0
DA:79,0
DA:80,0
DA:81,0
DA:82,0
DA:83,0
DA:84,0
DA:85,0
DA:86,1
LF:86
LH:24
BRDA:13,0,0,1
BRF:1
BRH:1
end_of_record
